<?xml version="1.0" encoding="UTF-8"?>
<TestRun id="073fb16a-385d-4742-b57a-9a647dd2f616" name="dwilloug@FERB 2012-10-15 18:42:12" runUser="USERS\dwilloug" xmlns="http://microsoft.com/schemas/VisualStudio/TeamTest/2010">
  <TestSettings name="Local" id="eacf9772-a1f5-4278-8375-4279c8e51ae9">
    <Description>These are default test settings for a local test run.</Description>
    <Deployment runDeploymentRoot="dwilloug_FERB 2012-10-15 18_42_12">
      <DeploymentItem filename="D:\Users\dwilloug\PS6\Spreadsheet\Formula.dll" />
      <DeploymentItem filename="D:\Users\dwilloug\PS6\Spreadsheet\bin\Debug\Spreadsheet.dll" />
      <DeploymentItem filename="D:\Users\dwilloug\PS6\Spreadsheet\SpreadsheetUtilities.dll" />
    </Deployment>
    <Execution>
      <TestTypeSpecific>
        <UnitTestRunConfig testTypeId="13cdc9d9-ddb5-4fa4-a97d-d965ccfc6d4b">
          <AssemblyResolution>
            <TestDirectory useLoadContext="true" />
          </AssemblyResolution>
        </UnitTestRunConfig>
        <WebTestRunConfiguration testTypeId="4e7599fa-5ecb-43e9-a887-cd63cf72d207">
          <Browser name="Internet Explorer 7.0">
            <Headers>
              <Header name="User-Agent" value="Mozilla/4.0 (compatible; MSIE 7.0; Windows NT 5.1)" />
              <Header name="Accept" value="*/*" />
              <Header name="Accept-Language" value="{{$IEAcceptLanguage}}" />
              <Header name="Accept-Encoding" value="GZIP" />
            </Headers>
          </Browser>
        </WebTestRunConfiguration>
      </TestTypeSpecific>
      <AgentRule name="LocalMachineDefaultRole">
        <DataCollectors>
          <DataCollector uri="datacollector://microsoft/CodeCoverage/1.0" assemblyQualifiedName="Microsoft.VisualStudio.TestTools.CodeCoverage.CoveragePlugIn, Microsoft.VisualStudio.QualityTools.Plugins.CodeCoverage, Version=10.0.0.0, Culture=neutral, PublicKeyToken=b03f5f7f11d50a3a" friendlyName="Code Coverage">
            <Configuration>
              <CodeCoverage xmlns="">
                <Regular>
                  <CodeCoverageItem binaryFile="D:\Users\dwilloug\PS6\Spreadsheet\bin\Debug\Spreadsheet.dll" pdbFile="D:\Users\dwilloug\PS6\Spreadsheet\bin\Debug\Spreadsheet.instr.pdb" instrumentInPlace="true" />
                </Regular>
              </CodeCoverage>
            </Configuration>
          </DataCollector>
        </DataCollectors>
      </AgentRule>
    </Execution>
  </TestSettings>
  <Times creation="2012-10-15T18:42:12.8946669-06:00" queuing="2012-10-15T18:42:14.6176669-06:00" start="2012-10-15T18:42:14.7236669-06:00" finish="2012-10-15T18:42:32.0086669-06:00" />
  <ResultSummary outcome="Failed">
    <Counters total="1" executed="1" error="0" failed="1" timeout="0" aborted="0" inconclusive="0" passedButRunAborted="0" notRunnable="0" notExecuted="0" disconnected="0" warning="0" passed="0" completed="0" inProgress="0" pending="0" />
    <ResultFiles>
      <ResultFile path="FERB\data.coverage" />
    </ResultFiles>
  </ResultSummary>
  <TestDefinitions>
    <UnitTest name="CodedUITestMethod1" storage="d:\users\dwilloug\ps6\spreadsheettests\bin\debug\spreadsheettests.dll" id="6d2b361e-7f88-586c-4ac1-4f041b2831a5">
      <Execution id="da8fefcf-479d-4084-a5af-7045a2b5cd41" />
      <TestMethod codeBase="D:\Users\dwilloug\PS6\SpreadsheetTests\bin\Debug\SpreadsheetTests.dll" adapterTypeName="Microsoft.VisualStudio.TestTools.TestTypes.Unit.UnitTestAdapter, Microsoft.VisualStudio.QualityTools.Tips.UnitTest.Adapter, Version=10.0.0.0, Culture=neutral, PublicKeyToken=b03f5f7f11d50a3a" className="SpreadsheetTests.CodedUITest1, SpreadsheetTests" name="CodedUITestMethod1" />
      <Extension>Microsoft.VisualStudio.TestTools.UITesting.CodedUITestAttribute, Microsoft.VisualStudio.QualityTools.CodedUITestFramework, Version=10.0.0.0, Culture=neutral, PublicKeyToken=b03f5f7f11d50a3a</Extension>
    </UnitTest>
  </TestDefinitions>
  <TestLists>
    <TestList name="Results Not in a List" id="8c84fa94-04c1-424b-9868-57a2d4851a1d" />
    <TestList name="All Loaded Results" id="19431567-8539-422a-85d7-44ee4e166bda" />
  </TestLists>
  <TestEntries>
    <TestEntry testId="6d2b361e-7f88-586c-4ac1-4f041b2831a5" executionId="da8fefcf-479d-4084-a5af-7045a2b5cd41" testListId="8c84fa94-04c1-424b-9868-57a2d4851a1d" />
  </TestEntries>
  <Results>
    <UnitTestResult executionId="da8fefcf-479d-4084-a5af-7045a2b5cd41" testId="6d2b361e-7f88-586c-4ac1-4f041b2831a5" testName="CodedUITestMethod1" computerName="FERB" duration="00:00:14.8027390" startTime="2012-10-15T18:42:15.5976669-06:00" endTime="2012-10-15T18:42:30.7486669-06:00" testType="13cdc9d9-ddb5-4fa4-a97d-d965ccfc6d4b" outcome="Failed" testListId="8c84fa94-04c1-424b-9868-57a2d4851a1d" relativeResultsDirectory="da8fefcf-479d-4084-a5af-7045a2b5cd41">
      <Output>
        <DebugTrace>W, 181860, 15, 2012/10/15, 18:42:17.526, 36930344695634, QTAgent32.exe, PERF WARNING: FindAllDescendents: took 971 ms. Expected it to take maximum 500 ms.
W, 181860, 15, 2012/10/15, 18:42:18.376, 36930365948314, QTAgent32.exe, &lt;a class=success&gt;Playback - {1} [SUCCESS] DoubleClick - "[MSAA]ControlType='ListItem' &amp;&amp; Name='SpreadsheetGUI - Shortcut'"  &lt; Mouse cursor location (29, 545) &gt;
\0&lt;/a&gt;
W, 181860, 15, 2012/10/15, 18:42:19.406, 36930391707176, QTAgent32.exe, PERF WARNING: FindAllDescendents: took 923 ms. Expected it to take maximum 500 ms.
W, 181860, 15, 2012/10/15, 18:42:19.970, 36930405796907, QTAgent32.exe, &lt;a class=success&gt;Playback - {2} [SUCCESS] MouseButtonClick - "[MSAA, VisibleOnly]ControlType='Button' &amp;&amp; Name='Open'"
\0&lt;/a&gt;
W, 181860, 15, 2012/10/15, 18:42:21.055, 36930432923142, QTAgent32.exe, PERF WARNING: FindAllDescendents: took 947 ms. Expected it to take maximum 500 ms.
W, 181860, 15, 2012/10/15, 18:42:29.511, 36930644332463, QTAgent32.exe, Playback - [WARNING] Internal warning: Thread state based WFR - Requested element has invalid HWND
\0
W, 181860, 15, 2012/10/15, 18:42:29.511, 36930644340629, QTAgent32.exe, Playback - [WARNING] Internal warning: process performance counters based WFR - Requested element has invalid HWND
\0
W, 181860, 15, 2012/10/15, 18:42:30.013, 36930656887364, QTAgent32.exe, Playback - [WARNING] Internal failure: WindowFromAccessibleObject failed for real IAccessible (The RPC server is unavailable.)
\0
W, 181860, 15, 2012/10/15, 18:42:30.014, 36930656891711, QTAgent32.exe, Playback - [WARNING] Internal failure: Could not get window handle for element\0
W, 181860, 15, 2012/10/15, 18:42:30.015, 36930656918767, QTAgent32.exe, Playback - [WARNING] Internal failure: WindowFromAccessibleObject failed for real IAccessible (The RPC server is unavailable.)
\0
W, 181860, 15, 2012/10/15, 18:42:30.015, 36930656923507, QTAgent32.exe, Playback - [WARNING] Internal failure: GetParent failed while walking up the tree. Cannot get a valid window handle
\0
W, 181860, 15, 2012/10/15, 18:42:30.015, 36930656925041, QTAgent32.exe, Playback - [WARNING] Internal failure: ScreenUIElement::EnsureValidHwnd failed
\0
W, 181860, 15, 2012/10/15, 18:42:30.015, 36930656926783, QTAgent32.exe, Playback - [WARNING] Internal warning: RPF could not verify if the target element is off screen or not because window handle is invalid
\0
W, 181860, 15, 2012/10/15, 18:42:30.015, 36930656936465, QTAgent32.exe, Playback - [WARNING] Internal warning: Thread state based WFR - Requested element has invalid HWND
\0
W, 181860, 15, 2012/10/15, 18:42:30.015, 36930656938148, QTAgent32.exe, Playback - [WARNING] Internal warning: process performance counters based WFR - Requested element has invalid HWND
\0
W, 181860, 15, 2012/10/15, 18:42:30.016, 36930656947026, QTAgent32.exe, Playback - [WARNING] Internal failure: EnsureVisible via Setting Focus, Scrolling failed
\0
W, 181860, 15, 2012/10/15, 18:42:30.016, 36930656957522, QTAgent32.exe, Playback - [WARNING] Internal failure: Method GetBoundingRectangle failed (HRESULT = 0x800706ba, "The RPC server is unavailable.") for Name = "" ," ControlType = ""
\0
W, 181860, 15, 2012/10/15, 18:42:30.016, 36930656959163, QTAgent32.exe, Playback - [WARNING] Internal failure: Couldn't get clickable point for ScreenUIElement - GetClickablePoint failed
\0
W, 181860, 15, 2012/10/15, 18:42:30.016, 36930656960896, QTAgent32.exe, Playback - [WARNING] Internal warning : The specified control is not visible. 
\0
E, 181860, 15, 2012/10/15, 18:42:30.017, 36930656971012, QTAgent32.exe, &lt;a class=failure&gt;Playback - {3} [FAILED] MouseButtonClick - "[MSAA, VisibleOnly]ControlType='Client'"\0&lt;/a&gt;
E, 181860, 15, 2012/10/15, 18:42:30.130, 36930659809851, QTAgent32.exe, Playback - [IMAGE] D:\Users\dwilloug\AppData\Local\Temp\392\UITestLogs\LastRun\RPFA32F.png
\0
E, 181860, 15, 2012/10/15, 18:42:30.142, 36930660103514, QTAgent32.exe, Window 198256 not responding. Last Win32 error 0
W, 181860, 15, 2012/10/15, 18:42:30.151, 36930660330868, QTAgent32.exe, Playback - [WARNING] Internal failure: WindowFromAccessibleObject failed for real IAccessible (The RPC server is unavailable.)
\0
W, 181860, 15, 2012/10/15, 18:42:30.151, 36930660337658, QTAgent32.exe, Playback - [WARNING] Internal failure: GetParent failed while walking up the tree. Cannot get a valid window handle
\0
W, 181860, 15, 2012/10/15, 18:42:30.151, 36930660339347, QTAgent32.exe, Playback - [WARNING] Internal failure: Getting window handle for TechnologyElement didn't return S_OK
\0
W, 181860, 15, 2012/10/15, 18:42:30.153, 36930660374108, QTAgent32.exe, Msaa:WindowHandleGetter: Using WindowFromPoint since WindowFromAccessibleObject returned invalid handle [0]
E, 181860, 15, 2012/10/15, 18:42:30.165, 36930660689423, QTAgent32.exe, Exception: System.Runtime.InteropServices.COMException
	Message: The RPC server is unavailable. (Exception from HRESULT: 0x800706BA)
	Stack Trace:    at Accessibility.IAccessible.accLocation(Int32&amp; pxLeft, Int32&amp; pyTop, Int32&amp; pcxWidth, Int32&amp; pcyHeight, Object varChild)
   at Microsoft.VisualStudio.TestTools.UITest.Extension.Msaa.AccWrapper.GetBoundingRectangle()
	BaseExceptionMessage: The RPC server is unavailable. (Exception from HRESULT: 0x800706BA)

E, 181860, 15, 2012/10/15, 18:42:30.166, 36930660707073, QTAgent32.exe, Msaa:WindowHandleGetter: Got invalid window handle [0] even after using WindowFromPoint
E, 181860, 15, 2012/10/15, 18:42:30.167, 36930660721236, QTAgent32.exe, Exception: System.Runtime.InteropServices.COMException
	Message: The RPC server is unavailable. (Exception from HRESULT: 0x800706BA)
	Stack Trace:    at Accessibility.IAccessible.get_accRole(Object varChild)
   at Microsoft.VisualStudio.TestTools.UITest.Extension.Msaa.AccWrapper.get_RoleInt()
	BaseExceptionMessage: The RPC server is unavailable. (Exception from HRESULT: 0x800706BA)

W, 181860, 15, 2012/10/15, 18:42:30.167, 36930660740881, QTAgent32.exe, Msaa.GetProcessID: Window handle is IntPtr.Zero. Process ID will be 0
W, 181860, 15, 2012/10/15, 18:42:30.202, 36930661603748, QTAgent32.exe, Playback - [WARNING] Internal failure: WindowFromAccessibleObject failed for real IAccessible (The RPC server is unavailable.)
\0
W, 181860, 15, 2012/10/15, 18:42:30.202, 36930661610933, QTAgent32.exe, Playback - [WARNING] Internal failure: GetParent failed while walking up the tree. Cannot get a valid window handle
\0
W, 181860, 15, 2012/10/15, 18:42:30.202, 36930661612950, QTAgent32.exe, Playback - [WARNING] Internal failure: Getting window handle for TechnologyElement didn't return S_OK
\0
W, 181860, 15, 2012/10/15, 18:42:30.203, 36930661640968, QTAgent32.exe, Msaa:WindowHandleGetter: Using WindowFromPoint since WindowFromAccessibleObject returned invalid handle [0]
E, 181860, 15, 2012/10/15, 18:42:30.204, 36930661649582, QTAgent32.exe, Exception: System.Runtime.InteropServices.COMException
	Message: The RPC server is unavailable. (Exception from HRESULT: 0x800706BA)
	Stack Trace:    at Accessibility.IAccessible.accLocation(Int32&amp; pxLeft, Int32&amp; pyTop, Int32&amp; pcxWidth, Int32&amp; pcyHeight, Object varChild)
   at Microsoft.VisualStudio.TestTools.UITest.Extension.Msaa.AccWrapper.GetBoundingRectangle()
	BaseExceptionMessage: The RPC server is unavailable. (Exception from HRESULT: 0x800706BA)

E, 181860, 15, 2012/10/15, 18:42:30.204, 36930661651973, QTAgent32.exe, Msaa:WindowHandleGetter: Got invalid window handle [0] even after using WindowFromPoint
E, 181860, 15, 2012/10/15, 18:42:30.204, 36930661659603, QTAgent32.exe, Exception: System.Runtime.InteropServices.COMException
	Message: The RPC server is unavailable. (Exception from HRESULT: 0x800706BA)
	Stack Trace:    at Accessibility.IAccessible.get_accRole(Object varChild)
   at Microsoft.VisualStudio.TestTools.UITest.Extension.Msaa.AccWrapper.get_RoleInt()
	BaseExceptionMessage: The RPC server is unavailable. (Exception from HRESULT: 0x800706BA)

W, 181860, 15, 2012/10/15, 18:42:30.204, 36930661661670, QTAgent32.exe, Msaa.GetProcessID: Window handle is IntPtr.Zero. Process ID will be 0
E, 181860, 15, 2012/10/15, 18:42:30.279, 36930663533857, QTAgent32.exe, Exception: System.Runtime.InteropServices.COMException
	Message: The RPC server is unavailable. (Exception from HRESULT: 0x800706BA)
	Stack Trace:    at Accessibility.IAccessible.accLocation(Int32&amp; pxLeft, Int32&amp; pyTop, Int32&amp; pcxWidth, Int32&amp; pcyHeight, Object varChild)
   at Microsoft.VisualStudio.TestTools.UITest.Extension.Msaa.AccWrapper.GetBoundingRectangle()
	BaseExceptionMessage: The RPC server is unavailable. (Exception from HRESULT: 0x800706BA)

E, 181860, 15, 2012/10/15, 18:42:30.282, 36930663602363, QTAgent32.exe, GetClassName for handle 198256 failed
E, 181860, 15, 2012/10/15, 18:42:30.284, 36930663643076, QTAgent32.exe, Exception: System.Runtime.InteropServices.COMException
	Message: The RPC server is unavailable. (Exception from HRESULT: 0x800706BA)
	Stack Trace:    at Accessibility.IAccessible.get_accChildCount()
   at Microsoft.VisualStudio.TestTools.UITest.Extension.Msaa.AccWrapper.get_ChildCount()
	BaseExceptionMessage: The RPC server is unavailable. (Exception from HRESULT: 0x800706BA)

W, 181860, 15, 2012/10/15, 18:42:30.485, 36930668674328, QTAgent32.exe, PERF WARNING: MSAA.UpdateQueryIDForNamelessControls: took 201 ms. Expected it to take maximum 200 ms.
W, 181860, 15, 2012/10/15, 18:42:30.487, 36930668734347, QTAgent32.exe, Msaa.Navigate: Exception [The RPC server is unavailable. (Exception from HRESULT: 0x800706BA)] while calling accNavigate.
W, 181860, 15, 2012/10/15, 18:42:30.488, 36930668754166, QTAgent32.exe, Msaa.Navigate: Exception [The RPC server is unavailable. (Exception from HRESULT: 0x800706BA)] while calling accNavigate.
E, 181860, 15, 2012/10/15, 18:42:30.489, 36930668779116, QTAgent32.exe, GetClassName for handle 198256 failed
E, 181860, 15, 2012/10/15, 18:42:30.494, 36930668906729, QTAgent32.exe, GetClassName for handle 198256 failed
E, 181860, 15, 2012/10/15, 18:42:30.495, 36930668916869, QTAgent32.exe, Window 198256 not responding. Last Win32 error 1400
E, 181860, 15, 2012/10/15, 18:42:30.495, 36930668924108, QTAgent32.exe, GetClassName for handle 198256 failed
E, 181860, 15, 2012/10/15, 18:42:30.495, 36930668925503, QTAgent32.exe, GetClassName for handle 198256 failed
E, 181860, 15, 2012/10/15, 18:42:30.602, 36930671608018, QTAgent32.exe, AL: Playback Error: Microsoft.VisualStudio.TestTools.UITest.Extension.FailedToPerformActionOnHiddenControlException: Cannot perform 'Click' on the hidden control. Additional Details: 
TechnologyName:  'MSAA'
ControlType:  'Client'
 ---&gt; System.Runtime.InteropServices.COMException: Exception from HRESULT: 0xF004F002
   at Microsoft.VisualStudio.TestTools.UITest.Playback.Engine.IScreenElement.MouseButtonClick(Int32 x, Int32 y, Int32 nButton, Int32 fEnsureVisible, String bstrKeyModifiers)
   at Microsoft.VisualStudio.TestTools.UITest.Playback.ScreenElement.MouseButtonClick(Int32 x, Int32 y, MouseButtons button, ModifierKeys modifierKeys, Int32 ensureVisible)
   at Microsoft.VisualStudio.TestTools.UITesting.UITestControl.Click(MouseButtons button, ModifierKeys modifierKeys, Point relativeCoordinates)
   --- End of inner exception stack trace ---
   at Microsoft.VisualStudio.TestTools.UITesting.Playback.MapAndThrowComException(COMException innerException, IPlaybackContext context)
   at Microsoft.VisualStudio.TestTools.UITesting.Playback.MapAndThrowException(SystemException exception, IPlaybackContext context)
   at Microsoft.VisualStudio.TestTools.UITesting.Playback.MapAndThrowException(SystemException exception, String actionName, UITestControl uiControl, Point point)
   at Microsoft.VisualStudio.TestTools.UITesting.UITestControl.Click(MouseButtons button, ModifierKeys modifierKeys, Point relativeCoordinates)
   at Microsoft.VisualStudio.TestTools.UITesting.Mouse.ClickImplementation(UITestControl control, MouseButtons button, ModifierKeys modifierKeys, Point relativeCoordinate)
   at Microsoft.VisualStudio.TestTools.UITesting.Mouse.ClickImplementationWrapper(UITestControl control, MouseButtons button, ModifierKeys modifierKeys, Point relativeCoordinate)
W, 181860, 15, 2012/10/15, 18:42:30.729, 36930674787737, QTAgent32.exe, IEDOM : StopSession of the plugin called before StartSession
W, 181860, 15, 2012/10/15, 18:42:30.730, 36930674793506, QTAgent32.exe, UIA : StopSession of the plugin called before StartSession
</DebugTrace>
        <ErrorInfo>
          <Message>Test method SpreadsheetTests.CodedUITest1.CodedUITestMethod1 threw exception: 
Microsoft.VisualStudio.TestTools.UITest.Extension.FailedToPerformActionOnHiddenControlException: Cannot perform 'Click' on the hidden control. Additional Details: 
TechnologyName:  'MSAA'
ControlType:  'Client'
 ---&gt; System.Runtime.InteropServices.COMException: Exception from HRESULT: 0xF004F002</Message>
          <StackTrace>    at Microsoft.VisualStudio.TestTools.UITest.Playback.Engine.IScreenElement.MouseButtonClick(Int32 x, Int32 y, Int32 nButton, Int32 fEnsureVisible, String bstrKeyModifiers)
   at Microsoft.VisualStudio.TestTools.UITest.Playback.ScreenElement.MouseButtonClick(Int32 x, Int32 y, MouseButtons button, ModifierKeys modifierKeys, Int32 ensureVisible)
   at Microsoft.VisualStudio.TestTools.UITesting.UITestControl.Click(MouseButtons button, ModifierKeys modifierKeys, Point relativeCoordinates)
 --- End of inner exception stack trace ---
    at Microsoft.VisualStudio.TestTools.UITesting.Playback.MapAndThrowComException(COMException innerException, IPlaybackContext context)
   at Microsoft.VisualStudio.TestTools.UITesting.Playback.MapAndThrowException(SystemException exception, IPlaybackContext context)
   at Microsoft.VisualStudio.TestTools.UITesting.Playback.MapAndThrowException(SystemException exception, String actionName, UITestControl uiControl, Point point)
   at Microsoft.VisualStudio.TestTools.UITesting.UITestControl.Click(MouseButtons button, ModifierKeys modifierKeys, Point relativeCoordinates)
   at Microsoft.VisualStudio.TestTools.UITesting.Mouse.ClickImplementation(UITestControl control, MouseButtons button, ModifierKeys modifierKeys, Point relativeCoordinate)
   at Microsoft.VisualStudio.TestTools.UITesting.Mouse.ClickImplementationWrapper(UITestControl control, MouseButtons button, ModifierKeys modifierKeys, Point relativeCoordinate)
   at Microsoft.VisualStudio.TestTools.UITesting.Mouse.Click(UITestControl control, Point relativeCoordinate)
   at SpreadsheetTests.UIMap.Tests_recalculation() in D:\Users\dwilloug\PS6\SpreadsheetTests\UIMap.Designer.cs:line 52
   at SpreadsheetTests.CodedUITest1.CodedUITestMethod1() in D:\Users\dwilloug\PS6\SpreadsheetTests\CodedUITest1.cs:line 30
</StackTrace>
        </ErrorInfo>
      </Output>
      <ResultFiles>
        <ResultFile path="FERB\CodedUITestMethod1.png" />
      </ResultFiles>
      <ExtensionResult>Exception has been thrown by the target of an invocation.</ExtensionResult>
    </UnitTestResult>
  </Results>
</TestRun>