<?xml version="1.0" encoding="UTF-8"?>
<TestRun id="9ba0b013-2177-47a2-ad21-fc64aaf25b3c" name="dwilloug@FERB 2012-10-15 19:42:26" runUser="USERS\dwilloug" xmlns="http://microsoft.com/schemas/VisualStudio/TeamTest/2010">
  <TestSettings name="Local" id="eacf9772-a1f5-4278-8375-4279c8e51ae9">
    <Description>These are default test settings for a local test run.</Description>
    <Deployment runDeploymentRoot="dwilloug_FERB 2012-10-15 19_42_26">
      <DeploymentItem filename="D:\Users\dwilloug\PS6\Spreadsheet\Formula.dll" />
      <DeploymentItem filename="D:\Users\dwilloug\PS6\Spreadsheet\bin\Debug\Spreadsheet.dll" />
      <DeploymentItem filename="D:\Users\dwilloug\PS6\Spreadsheet\SpreadsheetUtilities.dll" />
    </Deployment>
    <Execution>
      <TestTypeSpecific>
        <UnitTestRunConfig testTypeId="13cdc9d9-ddb5-4fa4-a97d-d965ccfc6d4b">
          <AssemblyResolution>
            <TestDirectory useLoadContext="true" />
          </AssemblyResolution>
        </UnitTestRunConfig>
        <WebTestRunConfiguration testTypeId="4e7599fa-5ecb-43e9-a887-cd63cf72d207">
          <Browser name="Internet Explorer 7.0">
            <Headers>
              <Header name="User-Agent" value="Mozilla/4.0 (compatible; MSIE 7.0; Windows NT 5.1)" />
              <Header name="Accept" value="*/*" />
              <Header name="Accept-Language" value="{{$IEAcceptLanguage}}" />
              <Header name="Accept-Encoding" value="GZIP" />
            </Headers>
          </Browser>
        </WebTestRunConfiguration>
      </TestTypeSpecific>
      <AgentRule name="LocalMachineDefaultRole">
        <DataCollectors>
          <DataCollector uri="datacollector://microsoft/CodeCoverage/1.0" assemblyQualifiedName="Microsoft.VisualStudio.TestTools.CodeCoverage.CoveragePlugIn, Microsoft.VisualStudio.QualityTools.Plugins.CodeCoverage, Version=10.0.0.0, Culture=neutral, PublicKeyToken=b03f5f7f11d50a3a" friendlyName="Code Coverage">
            <Configuration>
              <CodeCoverage xmlns="">
                <Regular>
                  <CodeCoverageItem binaryFile="D:\Users\dwilloug\PS6\Spreadsheet\bin\Debug\Spreadsheet.dll" pdbFile="D:\Users\dwilloug\PS6\Spreadsheet\bin\Debug\Spreadsheet.instr.pdb" instrumentInPlace="true" />
                </Regular>
              </CodeCoverage>
            </Configuration>
          </DataCollector>
        </DataCollectors>
      </AgentRule>
    </Execution>
  </TestSettings>
  <Times creation="2012-10-15T19:42:26.7156669-06:00" queuing="2012-10-15T19:42:27.5686669-06:00" start="2012-10-15T19:42:27.6356669-06:00" finish="2012-10-15T19:44:01.0006669-06:00" />
  <ResultSummary outcome="Aborted">
    <Counters total="1" executed="1" error="0" failed="0" timeout="0" aborted="1" inconclusive="0" passedButRunAborted="0" notRunnable="0" notExecuted="0" disconnected="0" warning="0" passed="0" completed="0" inProgress="0" pending="0" />
    <ResultFiles>
      <ResultFile path="FERB\data.coverage" />
    </ResultFiles>
  </ResultSummary>
  <TestDefinitions>
    <UnitTest name="CodedUITestMethod1" storage="d:\users\dwilloug\ps6\spreadsheettests\bin\debug\spreadsheettests.dll" id="72243a56-dd8d-be95-df72-a5a4c52d7dde">
      <Execution id="d637f086-ea2b-4ee7-9ae4-4bbc9156edd2" />
      <TestMethod codeBase="D:\Users\dwilloug\PS6\SpreadsheetTests\bin\Debug\SpreadsheetTests.dll" adapterTypeName="Microsoft.VisualStudio.TestTools.TestTypes.Unit.UnitTestAdapter, Microsoft.VisualStudio.QualityTools.Tips.UnitTest.Adapter, Version=10.0.0.0, Culture=neutral, PublicKeyToken=b03f5f7f11d50a3a" className="SpreadsheetTests.CodedUITest2, SpreadsheetTests" name="CodedUITestMethod1" />
      <Extension>Microsoft.VisualStudio.TestTools.UITesting.CodedUITestAttribute, Microsoft.VisualStudio.QualityTools.CodedUITestFramework, Version=10.0.0.0, Culture=neutral, PublicKeyToken=b03f5f7f11d50a3a</Extension>
    </UnitTest>
  </TestDefinitions>
  <TestLists>
    <TestList name="Results Not in a List" id="8c84fa94-04c1-424b-9868-57a2d4851a1d" />
    <TestList name="All Loaded Results" id="19431567-8539-422a-85d7-44ee4e166bda" />
  </TestLists>
  <TestEntries>
    <TestEntry testId="72243a56-dd8d-be95-df72-a5a4c52d7dde" executionId="d637f086-ea2b-4ee7-9ae4-4bbc9156edd2" testListId="8c84fa94-04c1-424b-9868-57a2d4851a1d" />
  </TestEntries>
  <Results>
    <UnitTestResult executionId="d637f086-ea2b-4ee7-9ae4-4bbc9156edd2" testId="72243a56-dd8d-be95-df72-a5a4c52d7dde" testName="CodedUITestMethod1" computerName="FERB" duration="00:01:30.4590000" startTime="2012-10-15T19:42:28.4906669-06:00" endTime="2012-10-15T19:43:58.9496669-06:00" testType="13cdc9d9-ddb5-4fa4-a97d-d965ccfc6d4b" outcome="Aborted" testListId="8c84fa94-04c1-424b-9868-57a2d4851a1d" relativeResultsDirectory="d637f086-ea2b-4ee7-9ae4-4bbc9156edd2">
      <Output>
        <DebugTrace>W, 185592, 15, 2012/10/15, 19:42:30.462, 37020668112307, QTAgent32.exe, PERF WARNING: FindAllDescendents: took 1102 ms. Expected it to take maximum 500 ms.
W, 185592, 15, 2012/10/15, 19:42:31.363, 37020690623161, QTAgent32.exe, &lt;a class=success&gt;Playback - {1} [SUCCESS] DoubleClick - "[MSAA]ControlType='ListItem' &amp;&amp; Name='SpreadsheetGUI - Shortcut'"  &lt; Mouse cursor location (46, 552) &gt;
\0&lt;/a&gt;
W, 185592, 15, 2012/10/15, 19:42:32.511, 37020719329881, QTAgent32.exe, PERF WARNING: FindAllDescendents: took 1039 ms. Expected it to take maximum 500 ms.
W, 185592, 15, 2012/10/15, 19:42:33.119, 37020734522202, QTAgent32.exe, &lt;a class=success&gt;Playback - {2} [SUCCESS] MouseButtonClick - "[MSAA, VisibleOnly]ControlType='Button' &amp;&amp; Name='Open'"
\0&lt;/a&gt;
W, 185592, 15, 2012/10/15, 19:42:34.600, 37020771545083, QTAgent32.exe, PERF WARNING: FindAllDescendents: took 1057 ms. Expected it to take maximum 500 ms.
W, 185592, 15, 2012/10/15, 19:42:35.290, 37020788799768, QTAgent32.exe, &lt;a class=success&gt;Playback - {3} [SUCCESS] MouseButtonClick - "[MSAA, VisibleOnly]ControlType='Client'"
\0&lt;/a&gt;
W, 185592, 15, 2012/10/15, 19:42:36.481, 37020818586077, QTAgent32.exe, PERF WARNING: FindAllDescendents: took 1068 ms. Expected it to take maximum 500 ms.
E, 185592, 15, 2012/10/15, 19:42:37.054, 37020832912722, QTAgent32.exe, LoadLibrary() : Unable to find the resource 37382 from assembly C:\Windows\system32\en-US\ieframe.dll.mui: Error1814
E, 185592, 15, 2012/10/15, 19:42:37.055, 37020832926482, QTAgent32.exe, LoadLibrary() : Unable to find the resource 41728 from assembly C:\Windows\system32\en-US\ieframe.dll.mui: Error1814
E, 185592, 15, 2012/10/15, 19:42:37.055, 37020832930470, QTAgent32.exe, LoadLibrary() : Unable to find the resource 8131 from assembly C:\Windows\system32\en-US\ieframe.dll.mui: Error1814
E, 185592, 15, 2012/10/15, 19:42:37.055, 37020832934345, QTAgent32.exe, LoadLibrary() : Unable to find the resource 8131 from assembly C:\Windows\system32\en-US\ieframe.dll.mui: Error1814
E, 185592, 15, 2012/10/15, 19:42:37.055, 37020832940577, QTAgent32.exe, LoadLibrary() : Unable to find the resource 8131 from assembly C:\Windows\system32\en-US\ieframe.dll.mui: Error1814
E, 185592, 15, 2012/10/15, 19:42:37.056, 37020832949783, QTAgent32.exe, LoadLibrary() : Unable to find the resource 803 from assembly C:\Windows\system32\en-US\user32.dll.mui: Error1814
W, 185592, 15, 2012/10/15, 19:43:09.151, 37021635317109, QTAgent32.exe, &lt;a class=success&gt;Playback - {4} [SUCCESS] SetValueAsEditBox "=4" - "[MSAA, VisibleOnly]ControlType='Edit'"  &lt; Set via SendKeys &gt;
\0&lt;/a&gt;
W, 185592, 15, 2012/10/15, 19:43:57.892, 37022853843260, QTAgent32.exe, Playback - [WARNING] Internal warning: Thread state based WFR - Requested element has invalid HWND
\0
W, 185592, 15, 2012/10/15, 19:43:57.892, 37022853849385, QTAgent32.exe, Playback - [WARNING] Internal warning: process performance counters based WFR - Requested element has invalid HWND
\0
W, 185592, 15, 2012/10/15, 19:43:57.894, 37022853906118, QTAgent32.exe, Playback - [WARNING] Internal failure: WindowFromAccessibleObject failed for real IAccessible (The RPC server is unavailable.)
\0
W, 185592, 15, 2012/10/15, 19:43:57.894, 37022853914538, QTAgent32.exe, Playback - [WARNING] Internal failure: GetParent failed while walking up the tree. Cannot get a valid window handle
\0
W, 185592, 15, 2012/10/15, 19:43:57.894, 37022853916517, QTAgent32.exe, Playback - [WARNING] Internal failure: ScreenUIElement::EnsureValidHwnd failed
\0
W, 185592, 15, 2012/10/15, 19:43:57.895, 37022853925688, QTAgent32.exe, Playback - [WARNING] Internal warning: Thread state based WFR - Requested element has invalid HWND
\0
W, 185592, 15, 2012/10/15, 19:43:57.895, 37022853927341, QTAgent32.exe, Playback - [WARNING] Internal warning: process performance counters based WFR - Requested element has invalid HWND
\0
W, 185592, 15, 2012/10/15, 19:43:57.896, 37022853953660, QTAgent32.exe, Playback - [WARNING] Internal failure: WindowFromAccessibleObject failed for real IAccessible (The RPC server is unavailable.)
\0
W, 185592, 15, 2012/10/15, 19:43:57.896, 37022853959648, QTAgent32.exe, Playback - [WARNING] Internal failure: GetParent failed while walking up the tree. Cannot get a valid window handle
\0
W, 185592, 15, 2012/10/15, 19:43:57.896, 37022853961139, QTAgent32.exe, Playback - [WARNING] Internal failure: ScreenUIElement::EnsureValidHwnd failed
\0
W, 185592, 15, 2012/10/15, 19:43:57.907, 37022854219324, QTAgent32.exe, &lt;a class=success&gt;Playback - {5} [SUCCESS] SendKeys "{Enter}" - "[MSAA, VisibleOnly]ControlType='Edit'"
\0&lt;/a&gt;
</DebugTrace>
        <ErrorInfo>
          <Message>User aborted test run.</Message>
        </ErrorInfo>
      </Output>
      <ResultFiles>
        <ResultFile path="FERB\CodedUITestMethod1.png" />
      </ResultFiles>
    </UnitTestResult>
  </Results>
</TestRun>