<?xml version="1.0" encoding="UTF-8"?>
<TestRun id="e20f0f99-8415-4552-890c-196ee903f69c" name="dwilloug@PHINEAS 2012-11-03 22:30:54" runUser="USERS\dwilloug" xmlns="http://microsoft.com/schemas/VisualStudio/TeamTest/2010">
  <TestSettings name="Local" id="33500a2c-091e-4f9b-a348-a6603a00d679">
    <Description>These are default test settings for a local test run.</Description>
    <Deployment enabled="false" runDeploymentRoot="dwilloug_PHINEAS 2012-11-03 22_30_54">
      <DeploymentItem filename="D:\Users\dwilloug\PS7\PS7\bin\Debug\PS7.dll" />
    </Deployment>
    <Execution>
      <TestTypeSpecific />
      <AgentRule name="Execution Agents">
      </AgentRule>
    </Execution>
  </TestSettings>
  <Times creation="2012-11-03T22:30:54.3066334-06:00" queuing="2012-11-03T22:30:54.4136334-06:00" start="2012-11-03T22:30:54.4256334-06:00" finish="2012-11-03T22:30:55.7936334-06:00" />
  <ResultSummary outcome="Completed">
    <Counters total="1" executed="1" passed="1" error="0" failed="0" timeout="0" aborted="0" inconclusive="0" passedButRunAborted="0" notRunnable="0" notExecuted="0" disconnected="0" warning="0" completed="0" inProgress="0" pending="0" />
  </ResultSummary>
  <TestDefinitions>
    <UnitTest name="Test1" storage="d:\users\dwilloug\ps7\stringsockettester\bin\debug\stringsockettester.dll" id="8ccd5e27-7323-974c-5a2b-3d220436d945">
      <Execution id="7ce43b5b-4e8a-4bd4-98e5-055ad1b59e7e" />
      <TestMethod codeBase="D:\Users\dwilloug\PS7\StringSocketTester\bin\Debug\StringSocketTester.dll" adapterTypeName="Microsoft.VisualStudio.TestTools.TestTypes.Unit.UnitTestAdapter, Microsoft.VisualStudio.QualityTools.Tips.UnitTest.Adapter, Version=10.0.0.0, Culture=neutral, PublicKeyToken=b03f5f7f11d50a3a" className="StringSocketTester.StringSocketTest, StringSocketTester" name="Test1" />
    </UnitTest>
  </TestDefinitions>
  <TestLists>
    <TestList name="Results Not in a List" id="8c84fa94-04c1-424b-9868-57a2d4851a1d" />
    <TestList name="All Loaded Results" id="19431567-8539-422a-85d7-44ee4e166bda" />
  </TestLists>
  <TestEntries>
    <TestEntry testId="8ccd5e27-7323-974c-5a2b-3d220436d945" executionId="7ce43b5b-4e8a-4bd4-98e5-055ad1b59e7e" testListId="8c84fa94-04c1-424b-9868-57a2d4851a1d" />
  </TestEntries>
  <Results>
    <UnitTestResult executionId="7ce43b5b-4e8a-4bd4-98e5-055ad1b59e7e" testId="8ccd5e27-7323-974c-5a2b-3d220436d945" testName="Test1" computerName="PHINEAS" duration="00:00:01.0464739" startTime="2012-11-03T22:30:54.4316334-06:00" endTime="2012-11-03T22:30:55.7506334-06:00" testType="13cdc9d9-ddb5-4fa4-a97d-d965ccfc6d4b" outcome="Passed" testListId="8c84fa94-04c1-424b-9868-57a2d4851a1d" relativeResultsDirectory="7ce43b5b-4e8a-4bd4-98e5-055ad1b59e7e">
    </UnitTestResult>
  </Results>
</TestRun>