<?xml version="1.0" encoding="UTF-8"?>
<TestRun id="02016179-3f59-4966-ba13-c0e35bc31980" name="dwilloug@PHINEAS 2012-11-03 22:34:59" runUser="USERS\dwilloug" xmlns="http://microsoft.com/schemas/VisualStudio/TeamTest/2010">
  <TestSettings name="Local" id="33500a2c-091e-4f9b-a348-a6603a00d679">
    <Description>These are default test settings for a local test run.</Description>
    <Deployment enabled="false" runDeploymentRoot="dwilloug_PHINEAS 2012-11-03 22_34_59">
      <DeploymentItem filename="D:\Users\dwilloug\PS7\PS7\bin\Debug\PS7.dll" />
    </Deployment>
    <Execution>
      <TestTypeSpecific />
      <AgentRule name="Execution Agents">
      </AgentRule>
    </Execution>
  </TestSettings>
  <Times creation="2012-11-03T22:34:59.4560334-06:00" queuing="2012-11-03T22:34:59.5496334-06:00" start="2012-11-03T22:34:59.6276334-06:00" finish="2012-11-03T22:35:18.9404334-06:00" />
  <ResultSummary outcome="Failed">
    <Counters total="1" executed="1" error="0" failed="1" timeout="0" aborted="0" inconclusive="0" passedButRunAborted="0" notRunnable="0" notExecuted="0" disconnected="0" warning="0" passed="0" completed="0" inProgress="0" pending="0" />
  </ResultSummary>
  <TestDefinitions>
    <UnitTest name="TestBeginReceive" storage="d:\users\dwilloug\ps7\stringsockettester\bin\debug\stringsockettester.dll" id="1e8517d9-41e7-f547-c42c-a09b76c5b7b9">
      <Execution id="45c8b740-0b0a-4989-af55-f2c67e3813c6" />
      <TestMethod codeBase="D:\Users\dwilloug\PS7\StringSocketTester\bin\Debug\StringSocketTester.dll" adapterTypeName="Microsoft.VisualStudio.TestTools.TestTypes.Unit.UnitTestAdapter, Microsoft.VisualStudio.QualityTools.Tips.UnitTest.Adapter, Version=10.0.0.0, Culture=neutral, PublicKeyToken=b03f5f7f11d50a3a" className="StringSocketTester.StringSocketTest, StringSocketTester" name="TestBeginReceive" />
    </UnitTest>
  </TestDefinitions>
  <TestLists>
    <TestList name="Results Not in a List" id="8c84fa94-04c1-424b-9868-57a2d4851a1d" />
    <TestList name="All Loaded Results" id="19431567-8539-422a-85d7-44ee4e166bda" />
  </TestLists>
  <TestEntries>
    <TestEntry testId="1e8517d9-41e7-f547-c42c-a09b76c5b7b9" executionId="45c8b740-0b0a-4989-af55-f2c67e3813c6" testListId="8c84fa94-04c1-424b-9868-57a2d4851a1d" />
  </TestEntries>
  <Results>
    <UnitTestResult executionId="45c8b740-0b0a-4989-af55-f2c67e3813c6" testId="1e8517d9-41e7-f547-c42c-a09b76c5b7b9" testName="TestBeginReceive" computerName="PHINEAS" duration="00:00:03.1702880" startTime="2012-11-03T22:34:59.6432334-06:00" endTime="2012-11-03T22:35:03.2468334-06:00" testType="13cdc9d9-ddb5-4fa4-a97d-d965ccfc6d4b" outcome="Failed" testListId="8c84fa94-04c1-424b-9868-57a2d4851a1d" relativeResultsDirectory="45c8b740-0b0a-4989-af55-f2c67e3813c6">
      <Output>
        <ErrorInfo>
          <Message>Assert.AreEqual failed. Expected:&lt;&gt;. Actual:&lt;(null)&gt;. </Message>
          <StackTrace>   at StringSocketTester.StringSocketTest.TestBeginReceiveClass.run() in D:\Users\dwilloug\PS7\StringSocketTester\StringSocketTest.cs:line 136
   at StringSocketTester.StringSocketTest.TestBeginReceive() in D:\Users\dwilloug\PS7\StringSocketTester\StringSocketTest.cs:line 87
</StackTrace>
        </ErrorInfo>
      </Output>
    </UnitTestResult>
  </Results>
</TestRun>