<?xml version="1.0" encoding="UTF-8"?>
<TestRun id="d014db1d-09f1-4ef2-91e2-733bdd6eb998" name="dwilloug@PHINEAS 2012-11-03 21:56:16" runUser="USERS\dwilloug" xmlns="http://microsoft.com/schemas/VisualStudio/TeamTest/2010">
  <TestSettings name="Local" id="33500a2c-091e-4f9b-a348-a6603a00d679">
    <Description>These are default test settings for a local test run.</Description>
    <Deployment enabled="false" runDeploymentRoot="dwilloug_PHINEAS 2012-11-03 21_56_16">
      <DeploymentItem filename="D:\Users\dwilloug\PS7\PS7\bin\Debug\PS7.dll" />
    </Deployment>
    <Execution>
      <TestTypeSpecific />
      <AgentRule name="Execution Agents">
      </AgentRule>
    </Execution>
  </TestSettings>
  <Times creation="2012-11-03T21:56:16.1562334-06:00" queuing="2012-11-03T21:56:23.2614334-06:00" start="2012-11-03T21:56:23.5266334-06:00" finish="2012-11-03T21:56:30.6714334-06:00" />
  <ResultSummary outcome="Error">
    <Counters total="1" executed="1" error="0" failed="0" timeout="0" aborted="1" inconclusive="0" passedButRunAborted="0" notRunnable="0" notExecuted="0" disconnected="0" warning="0" passed="0" completed="0" inProgress="0" pending="0" />
    <RunInfos>
      <RunInfo computerName="PHINEAS" outcome="Error" timestamp="2012-11-03T21:56:30.3594334-06:00">
        <Text>One of the background threads threw exception: 
System.NullReferenceException: Object reference not set to an instance of an object.
   at CustomNetworking.StringSocket.receivingLoop() in D:\Users\dwilloug\PS7\PS7\StringSocket.cs:line 221
   at System.Threading.ThreadHelper.ThreadStart_Context(Object state)
   at System.Threading.ExecutionContext.runTryCode(Object userData)
   at System.Runtime.CompilerServices.RuntimeHelpers.ExecuteCodeWithGuaranteedCleanup(TryCode code, CleanupCode backoutCode, Object userData)
   at System.Threading.ExecutionContext.RunInternal(ExecutionContext executionContext, ContextCallback callback, Object state)
   at System.Threading.ExecutionContext.Run(ExecutionContext executionContext, ContextCallback callback, Object state, Boolean ignoreSyncCtx)
   at System.Threading.ExecutionContext.Run(ExecutionContext executionContext, ContextCallback callback, Object state)
   at System.Threading.ThreadHelper.ThreadStart()</Text>
      </RunInfo>
      <RunInfo computerName="PHINEAS" outcome="Error" timestamp="2012-11-03T21:56:30.6714334-06:00">
        <Text>Test host process exited unexpectedly.</Text>
      </RunInfo>
    </RunInfos>
  </ResultSummary>
  <TestDefinitions>
    <UnitTest name="Test3" storage="d:\users\dwilloug\ps7\stringsockettester\bin\debug\stringsockettester.dll" id="cf7e051b-6af1-98eb-0b17-1e537981674d">
      <Execution id="20830a2d-d962-4cd5-afcd-e4bd87361c67" />
      <TestMethod codeBase="D:\Users\dwilloug\PS7\StringSocketTester\bin\Debug\StringSocketTester.dll" adapterTypeName="Microsoft.VisualStudio.TestTools.TestTypes.Unit.UnitTestAdapter, Microsoft.VisualStudio.QualityTools.Tips.UnitTest.Adapter, Version=10.0.0.0, Culture=neutral, PublicKeyToken=b03f5f7f11d50a3a" className="StringSocketTester.StringSocketTest, StringSocketTester" name="Test3" />
    </UnitTest>
  </TestDefinitions>
  <TestLists>
    <TestList name="Results Not in a List" id="8c84fa94-04c1-424b-9868-57a2d4851a1d" />
    <TestList name="All Loaded Results" id="19431567-8539-422a-85d7-44ee4e166bda" />
  </TestLists>
  <TestEntries>
    <TestEntry testId="cf7e051b-6af1-98eb-0b17-1e537981674d" executionId="20830a2d-d962-4cd5-afcd-e4bd87361c67" testListId="8c84fa94-04c1-424b-9868-57a2d4851a1d" />
  </TestEntries>
  <Results>
    <UnitTestResult executionId="20830a2d-d962-4cd5-afcd-e4bd87361c67" testId="cf7e051b-6af1-98eb-0b17-1e537981674d" testName="Test3" computerName="PHINEAS" duration="00:00:06.7080000" startTime="2012-11-03T21:56:23.9634334-06:00" endTime="2012-11-03T21:56:30.6714334-06:00" testType="13cdc9d9-ddb5-4fa4-a97d-d965ccfc6d4b" outcome="Aborted" testListId="8c84fa94-04c1-424b-9868-57a2d4851a1d" relativeResultsDirectory="20830a2d-d962-4cd5-afcd-e4bd87361c67">
    </UnitTestResult>
  </Results>
</TestRun>